<?xml version="1.0" encoding="UTF-8"?>
<testng-results ignored="0" total="1" passed="0" failed="1" skipped="0">
  <reporter-output>
  </reporter-output>
  <suite started-at="2023-05-18T00:24:06 IST" name="Default suite" finished-at="2023-05-18T00:26:46 IST" duration-ms="159748">
    <groups>
    </groups>
    <test started-at="2023-05-18T00:24:06 IST" name="Default test" finished-at="2023-05-18T00:26:46 IST" duration-ms="159748">
      <class name="com.test.toolsQA">
        <test-method is-config="true" signature="Start()[pri:0, instance:com.test.toolsQA@1ffaf86]" started-at="2023-05-18T00:24:07 IST" name="Start" finished-at="2023-05-18T00:24:13 IST" duration-ms="6795" status="PASS">
          <reporter-output>
          </reporter-output>
        </test-method> <!-- Start -->
        <test-method signature="Tc1()[pri:0, instance:com.test.toolsQA@1ffaf86]" started-at="2023-05-18T00:24:13 IST" name="Tc1" finished-at="2023-05-18T00:26:46 IST" duration-ms="152768" status="FAIL">
          <exception class="org.openqa.selenium.WebDriverException">
            <message>
              <![CDATA[unknown error: net::ERR_CONNECTION_TIMED_OUT
  (Session info: chrome=113.0.5672.92)
Build info: version: '4.9.0', revision: 'd7057100a6'
System info: os.name: 'Mac OS X', os.arch: 'x86_64', os.version: '12.3', java.version: '17.0.6'
Driver info: org.openqa.selenium.chrome.ChromeDriver
Command: [e98c1340970e0e25249603ea69d44ae3, get {url=https://demoqa.com/automation-practice-form}]
Capabilities {acceptInsecureCerts: false, browserName: chrome, browserVersion: 113.0.5672.92, chrome: {chromedriverVersion: 113.0.5672.63 (0e1a4471d5ae..., userDataDir: /var/folders/0j/zps26dt969z...}, goog:chromeOptions: {debuggerAddress: localhost:62479}, networkConnectionEnabled: false, pageLoadStrategy: normal, platformName: MAC, proxy: Proxy(), se:cdp: ws://localhost:62479/devtoo..., se:cdpVersion: 113.0.5672.92, setWindowRect: true, strictFileInteractability: false, timeouts: {implicit: 0, pageLoad: 300000, script: 30000}, unhandledPromptBehavior: dismiss and notify, webauthn:extension:credBlob: true, webauthn:extension:largeBlob: true, webauthn:extension:minPinLength: true, webauthn:extension:prf: true, webauthn:virtualAuthenticators: true}
Session ID: e98c1340970e0e25249603ea69d44ae3]]>
            </message>
            <full-stacktrace>
              <![CDATA[org.openqa.selenium.WebDriverException: unknown error: net::ERR_CONNECTION_TIMED_OUT
  (Session info: chrome=113.0.5672.92)
Build info: version: '4.9.0', revision: 'd7057100a6'
System info: os.name: 'Mac OS X', os.arch: 'x86_64', os.version: '12.3', java.version: '17.0.6'
Driver info: org.openqa.selenium.chrome.ChromeDriver
Command: [e98c1340970e0e25249603ea69d44ae3, get {url=https://demoqa.com/automation-practice-form}]
Capabilities {acceptInsecureCerts: false, browserName: chrome, browserVersion: 113.0.5672.92, chrome: {chromedriverVersion: 113.0.5672.63 (0e1a4471d5ae..., userDataDir: /var/folders/0j/zps26dt969z...}, goog:chromeOptions: {debuggerAddress: localhost:62479}, networkConnectionEnabled: false, pageLoadStrategy: normal, platformName: MAC, proxy: Proxy(), se:cdp: ws://localhost:62479/devtoo..., se:cdpVersion: 113.0.5672.92, setWindowRect: true, strictFileInteractability: false, timeouts: {implicit: 0, pageLoad: 300000, script: 30000}, unhandledPromptBehavior: dismiss and notify, webauthn:extension:credBlob: true, webauthn:extension:largeBlob: true, webauthn:extension:minPinLength: true, webauthn:extension:prf: true, webauthn:virtualAuthenticators: true}
Session ID: e98c1340970e0e25249603ea69d44ae3
at java.base/jdk.internal.reflect.NativeConstructorAccessorImpl.newInstance0(Native Method)
at java.base/jdk.internal.reflect.NativeConstructorAccessorImpl.newInstance(NativeConstructorAccessorImpl.java:77)
at java.base/jdk.internal.reflect.DelegatingConstructorAccessorImpl.newInstance(DelegatingConstructorAccessorImpl.java:45)
at java.base/java.lang.reflect.Constructor.newInstanceWithCaller(Constructor.java:499)
at java.base/java.lang.reflect.Constructor.newInstance(Constructor.java:480)
at org.openqa.selenium.remote.codec.w3c.W3CHttpResponseCodec.createException(W3CHttpResponseCodec.java:200)
at org.openqa.selenium.remote.codec.w3c.W3CHttpResponseCodec.decode(W3CHttpResponseCodec.java:133)
at org.openqa.selenium.remote.codec.w3c.W3CHttpResponseCodec.decode(W3CHttpResponseCodec.java:53)
at org.openqa.selenium.remote.HttpCommandExecutor.execute(HttpCommandExecutor.java:193)
at org.openqa.selenium.remote.service.DriverCommandExecutor.invokeExecute(DriverCommandExecutor.java:183)
at org.openqa.selenium.remote.service.DriverCommandExecutor.execute(DriverCommandExecutor.java:158)
at org.openqa.selenium.remote.RemoteWebDriver.execute(RemoteWebDriver.java:543)
at org.openqa.selenium.remote.RemoteWebDriver.get(RemoteWebDriver.java:297)
at com.test.toolsQA.Tc1(toolsQA.java:32)
at java.base/jdk.internal.reflect.NativeMethodAccessorImpl.invoke0(Native Method)
at java.base/jdk.internal.reflect.NativeMethodAccessorImpl.invoke(NativeMethodAccessorImpl.java:77)
at java.base/jdk.internal.reflect.DelegatingMethodAccessorImpl.invoke(DelegatingMethodAccessorImpl.java:43)
at java.base/java.lang.reflect.Method.invoke(Method.java:568)
at org.testng.internal.invokers.MethodInvocationHelper.invokeMethod(MethodInvocationHelper.java:139)
at org.testng.internal.invokers.TestInvoker.invokeMethod(TestInvoker.java:677)
at org.testng.internal.invokers.TestInvoker.invokeTestMethod(TestInvoker.java:221)
at org.testng.internal.invokers.MethodRunner.runInSequence(MethodRunner.java:50)
at org.testng.internal.invokers.TestInvoker$MethodInvocationAgent.invoke(TestInvoker.java:969)
at org.testng.internal.invokers.TestInvoker.invokeTestMethods(TestInvoker.java:194)
at org.testng.internal.invokers.TestMethodWorker.invokeTestMethods(TestMethodWorker.java:148)
at org.testng.internal.invokers.TestMethodWorker.run(TestMethodWorker.java:128)
at java.base/java.util.ArrayList.forEach(ArrayList.java:1511)
at org.testng.TestRunner.privateRun(TestRunner.java:829)
at org.testng.TestRunner.run(TestRunner.java:602)
at org.testng.SuiteRunner.runTest(SuiteRunner.java:437)
at org.testng.SuiteRunner.runSequentially(SuiteRunner.java:431)
at org.testng.SuiteRunner.privateRun(SuiteRunner.java:391)
at org.testng.SuiteRunner.run(SuiteRunner.java:330)
at org.testng.SuiteRunnerWorker.runSuite(SuiteRunnerWorker.java:52)
at org.testng.SuiteRunnerWorker.run(SuiteRunnerWorker.java:95)
at org.testng.TestNG.runSuitesSequentially(TestNG.java:1256)
at org.testng.TestNG.runSuitesLocally(TestNG.java:1176)
at org.testng.TestNG.runSuites(TestNG.java:1099)
at org.testng.TestNG.run(TestNG.java:1067)
at org.testng.remote.AbstractRemoteTestNG.run(AbstractRemoteTestNG.java:115)
at org.testng.remote.RemoteTestNG.initAndRun(RemoteTestNG.java:251)
at org.testng.remote.RemoteTestNG.main(RemoteTestNG.java:77)
]]>
            </full-stacktrace>
          </exception> <!-- org.openqa.selenium.WebDriverException -->
          <reporter-output>
          </reporter-output>
        </test-method> <!-- Tc1 -->
        <test-method is-config="true" signature="End()[pri:0, instance:com.test.toolsQA@1ffaf86]" started-at="2023-05-18T00:26:46 IST" name="End" finished-at="2023-05-18T00:26:46 IST" duration-ms="121" status="PASS">
          <reporter-output>
          </reporter-output>
        </test-method> <!-- End -->
      </class> <!-- com.test.toolsQA -->
    </test> <!-- Default test -->
  </suite> <!-- Default suite -->
</testng-results>
